Engine-Match 04 October 2024 17:35:46
 4 Half moves 

Pairing 1/1 :    Hakaisha  -  Hakaisha [001]

PGN-File: C:\Program Files (x86)\Arena\Arena.pgn

No:  B/W 1/2     W:B       1:2           Time        Value Moves Dep 1:2       1-2-Draws

--------------------------------------------------------------

Engine-Match 05 October 2024 13:04:45
 4 Half moves 

Pairing 1/1 :    Hakaisha  -  Hakaisha [001]

PGN-File: C:\Program Files (x86)\Arena\Arena.pgn

No:  B/W 1/2     W:B       1:2           Time        Value Moves Dep 1:2       1-2-Draws
   1 B 2    1.0:0.0        0.0:1.0       13:05:17     0.00    39 0:0 0-1-0

--------------------------------------------------------------

Engine-Match 05 October 2024 13:36:40
 4 Half moves 

Pairing 1/1 :    Hakaisha  -  Divyansh {Human}

PGN-File: C:\Program Files (x86)\Arena\Arena.pgn

No:  B/W 1/2     W:B       1:2           Time        Value Moves Dep 1:2       1-2-Draws
   1 * *     0.0:0.0        0.0:0.0       13:40:04     0.00     0 0:0 0-0-0

--------------------------------------------------------------

Engine-Match 05 October 2024 20:10:16
 4 Half moves 

Pairing 1/1 :    Hakaisha  -  Hakaisha [001]

PGN-File: C:\Program Files (x86)\Arena\Arena.pgn

No:  B/W 1/2     W:B       1:2           Time        Value Moves Dep 1:2       1-2-Draws

--------------------------------------------------------------

Engine-Match 06 October 2024 10:21:40
 4 Half moves 

Pairing 1/3 :    Hakaisha  -  Hakaisha (1)

PGN-File: C:\Program Files (x86)\Arena\Arena.pgn

No:  B/W 1/2     W:B       1:2           Time        Value Moves Dep 1:2       1-2-Draws

--------------------------------------------------------------

Engine-Match 06 October 2024 13:01:57
 4 Half moves 

Pairing 1/1 :    Hakaisha  -  Hakaisha (1)

PGN-File: C:\Program Files (x86)\Arena\Arena.pgn

No:  B/W 1/2     W:B       1:2           Time        Value Moves Dep 1:2       1-2-Draws

--------------------------------------------------------------

Engine-Match 06 October 2024 13:26:35
 4 Half moves 

Pairing 1/1 :    Hakaisha  -  Hakaisha (1)

PGN-File: C:\Program Files (x86)\Arena\Arena.pgn

No:  B/W 1/2     W:B       1:2           Time        Value Moves Dep 1:2       1-2-Draws
   1 W 1    1.0:0.0        1.0:0.0       13:27:20     0.00    35 0:0 1-0-0
